<?xml version="1.0" encoding="UTF-8"?>
<!-- Generated by org.testng.reporters.JUnitXMLReporter -->
<testsuite ignored="5" hostname="PLRENT-8BFM4H2" failures="0" tests="1" name="Default test" time="1.207" errors="0" timestamp="2021-12-01T22:59:14 IST">
  <testcase classname="com.axelerant.testcases.TestCase_Rest_AccountOpen" name="@BeforeMethod setUp" time="1.124">
    <failure type="java.lang.SecurityException" message="class &amp;quot;org.hamcrest.Matchers&amp;quot;&amp;apos;s signer information does not match signer information of other classes in the same package">
      <![CDATA[java.lang.SecurityException: class "org.hamcrest.Matchers"'s signer information does not match signer information of other classes in the same package
at java.base/java.lang.ClassLoader.checkCerts(ClassLoader.java:1158)
at java.base/java.lang.ClassLoader.preDefineClass(ClassLoader.java:902)
at java.base/java.lang.ClassLoader.defineClass(ClassLoader.java:1010)
at java.base/java.security.SecureClassLoader.defineClass(SecureClassLoader.java:150)
at java.base/jdk.internal.loader.BuiltinClassLoader.defineClass(BuiltinClassLoader.java:862)
at java.base/jdk.internal.loader.BuiltinClassLoader.findClassOnClassPathOrNull(BuiltinClassLoader.java:760)
at java.base/jdk.internal.loader.BuiltinClassLoader.loadClassOrNull(BuiltinClassLoader.java:681)
at java.base/jdk.internal.loader.BuiltinClassLoader.loadClass(BuiltinClassLoader.java:639)
at java.base/jdk.internal.loader.ClassLoaders$AppClassLoader.loadClass(ClassLoaders.java:188)
at java.base/java.lang.ClassLoader.loadClass(ClassLoader.java:520)
at io.restassured.filter.log.ResponseLoggingFilter.<init>(ResponseLoggingFilter.java:73)
at io.restassured.filter.log.ResponseLoggingFilter.logResponseTo(ResponseLoggingFilter.java:182)
at com.axelerant.testcases.TestCase_Rest_AccountOpen.setUp(TestCase_Rest_AccountOpen.java:56)
at java.base/jdk.internal.reflect.NativeMethodAccessorImpl.invoke0(Native Method)
at java.base/jdk.internal.reflect.NativeMethodAccessorImpl.invoke(NativeMethodAccessorImpl.java:77)
at java.base/jdk.internal.reflect.DelegatingMethodAccessorImpl.invoke(DelegatingMethodAccessorImpl.java:43)
at java.base/java.lang.reflect.Method.invoke(Method.java:568)
at org.testng.internal.MethodInvocationHelper.invokeMethod(MethodInvocationHelper.java:133)
at org.testng.internal.MethodInvocationHelper.invokeMethodConsideringTimeout(MethodInvocationHelper.java:62)
at org.testng.internal.ConfigInvoker.invokeConfigurationMethod(ConfigInvoker.java:385)
at org.testng.internal.ConfigInvoker.invokeConfigurations(ConfigInvoker.java:321)
at org.testng.internal.TestInvoker.runConfigMethods(TestInvoker.java:700)
at org.testng.internal.TestInvoker.invokeMethod(TestInvoker.java:527)
at org.testng.internal.TestInvoker.invokeTestMethod(TestInvoker.java:173)
at org.testng.internal.MethodRunner.runInSequence(MethodRunner.java:46)
at org.testng.internal.TestInvoker$MethodInvocationAgent.invoke(TestInvoker.java:824)
at org.testng.internal.TestInvoker.invokeTestMethods(TestInvoker.java:146)
at org.testng.internal.TestMethodWorker.invokeTestMethods(TestMethodWorker.java:146)
at org.testng.internal.TestMethodWorker.run(TestMethodWorker.java:128)
at java.base/java.util.ArrayList.forEach(ArrayList.java:1511)
at org.testng.TestRunner.privateRun(TestRunner.java:794)
at org.testng.TestRunner.run(TestRunner.java:596)
at org.testng.SuiteRunner.runTest(SuiteRunner.java:377)
at org.testng.SuiteRunner.runSequentially(SuiteRunner.java:371)
at org.testng.SuiteRunner.privateRun(SuiteRunner.java:332)
at org.testng.SuiteRunner.run(SuiteRunner.java:276)
at org.testng.SuiteRunnerWorker.runSuite(SuiteRunnerWorker.java:53)
at org.testng.SuiteRunnerWorker.run(SuiteRunnerWorker.java:96)
at org.testng.TestNG.runSuitesSequentially(TestNG.java:1212)
at org.testng.TestNG.runSuitesLocally(TestNG.java:1134)
at org.testng.TestNG.runSuites(TestNG.java:1063)
at org.testng.TestNG.run(TestNG.java:1031)
at org.testng.remote.AbstractRemoteTestNG.run(AbstractRemoteTestNG.java:115)
at org.testng.remote.RemoteTestNG.initAndRun(RemoteTestNG.java:251)
at org.testng.remote.RemoteTestNG.main(RemoteTestNG.java:77)
]]>
    </failure>
  </testcase> <!-- @BeforeMethod setUp -->
  <testcase classname="com.axelerant.testcases.TestCase_Rest_AccountOpen" name="tc_createCheckingsAccount" time="0.0">
    <skipped/>
  </testcase> <!-- tc_createCheckingsAccount -->
  <testcase classname="com.axelerant.testcases.TestCase_Rest_AccountOpen" name="tc_verifySavingsAccountBalanceUpdated" time="0.0">
    <ignored/>
  </testcase> <!-- tc_verifySavingsAccountBalanceUpdated -->
  <testcase classname="com.axelerant.testcases.TestCase_Rest_AccountOpen" name="tc_getSavingAccountDetails" time="0.0">
    <ignored/>
  </testcase> <!-- tc_getSavingAccountDetails -->
  <testcase classname="com.axelerant.testcases.TestCase_Rest_AccountOpen" name="tc_getCheckingAccountDetails" time="0.0">
    <ignored/>
  </testcase> <!-- tc_getCheckingAccountDetails -->
  <testcase classname="com.axelerant.testcases.TestCase_Rest_AccountOpen" name="tc_billPayFromCheckingsToSavings" time="0.0">
    <ignored/>
  </testcase> <!-- tc_billPayFromCheckingsToSavings -->
  <testcase classname="com.axelerant.testcases.TestCase_Rest_AccountOpen" name="tc_createSavingssAccount" time="0.0">
    <ignored/>
  </testcase> <!-- tc_createSavingssAccount -->
</testsuite> <!-- Default test -->
