<?xml version="1.0" encoding="UTF-8"?>
<!-- Generated by org.testng.reporters.JUnitXMLReporter -->
<testsuite ignored="0" hostname="PLRENT-8BFM4H2" failures="1" tests="6" name="AccountOpening" time="22.281" errors="0" timestamp="2021-12-01T23:05:42 IST">
  <testcase classname="com.axelerant.testcases.TestCase_Rest_AccountOpen" name="tc_createCheckingsAccount" time="5.888"/>
  <testcase classname="com.axelerant.testcases.TestCase_Rest_AccountOpen" name="tc_getCheckingAccountDetails" time="2.243"/>
  <testcase classname="com.axelerant.testcases.TestCase_Rest_AccountOpen" name="tc_createSavingssAccount" time="2.027"/>
  <testcase classname="com.axelerant.testcases.TestCase_Rest_AccountOpen" name="tc_getSavingAccountDetails" time="2.102"/>
  <testcase classname="com.axelerant.testcases.TestCase_Rest_AccountOpen" name="tc_billPayFromCheckingsToSavings" time="6.401"/>
  <testcase classname="com.axelerant.testcases.TestCase_Rest_AccountOpen" name="tc_verifySavingsAccountBalanceUpdated" time="2.592">
    <failure type="java.lang.AssertionError" message="The following asserts failed:
	expected [true] but found [false],
	expected [true] but found [false]">
      <![CDATA[java.lang.AssertionError: The following asserts failed:
expected [true] but found [false],
expected [true] but found [false]
at com.axelerant.testcases.TestCase_Rest_AccountOpen.tc_verifySavingsAccountBalanceUpdated(TestCase_Rest_AccountOpen.java:198)
at java.base/java.util.ArrayList.forEach(ArrayList.java:1511)
... Removed 29 stack frames]]>
    </failure>
  </testcase> <!-- tc_verifySavingsAccountBalanceUpdated -->
</testsuite> <!-- AccountOpening -->
