<?xml version="1.0" encoding="UTF-8"?>
<!-- Generated by org.testng.reporters.JUnitXMLReporter -->
<testsuite ignored="1" hostname="PLRENT-8BFM4H2" failures="1" tests="8" name="APITest_Plus_VisualTest" time="27.622" errors="0" timestamp="2021-12-01T23:39:55 IST">
  <testcase classname="com.axelerant.testcases.TestCase_Rest_AccountOpen" name="tc_createCheckingsAccount" time="4.272"/>
  <testcase classname="com.axelerant.testcases.TestCase_Rest_AccountOpen" name="tc_getCheckingAccountDetails" time="2.274"/>
  <testcase classname="com.axelerant.testcases.TestCase_Rest_AccountOpen" name="tc_createSavingssAccount" time="2.246"/>
  <testcase classname="com.axelerant.testcases.TestCase_Rest_AccountOpen" name="tc_getSavingAccountDetails" time="1.577"/>
  <testcase classname="com.axelerant.testcases.TestCase_Rest_AccountOpen" name="tc_billPayFromCheckingsToSavings" time="7.058"/>
  <testcase classname="com.axelerant.testcases.TestCase_Rest_AccountOpen" name="tc_verifySavingsAccountBalanceUpdated" time="3.805">
    <failure type="java.lang.AssertionError" message="The following asserts failed:
	expected [true] but found [false],
	expected [true] but found [false]">
      <![CDATA[java.lang.AssertionError: The following asserts failed:
expected [true] but found [false],
expected [true] but found [false]
at com.axelerant.testcases.TestCase_Rest_AccountOpen.tc_verifySavingsAccountBalanceUpdated(TestCase_Rest_AccountOpen.java:201)
at java.base/java.util.ArrayList.forEach(ArrayList.java:1511)
... Removed 29 stack frames]]>
    </failure>
  </testcase> <!-- tc_verifySavingsAccountBalanceUpdated -->
  <testcase classname="com.axelerant.testcases.TestCase_AccountActivity" name="tc_verifyCheckingAccoutnActivityPage" time="3.557"/>
  <testcase classname="com.axelerant.testcases.TestCase_AccountActivity" name="tc_verifySavingAccoutnActivityPage" time="1.834"/>
  <testcase classname="com.axelerant.base.BaseClass" name="@AfterSuite tearDown" time="0.0">
    <ignored/>
  </testcase> <!-- @AfterSuite tearDown -->
</testsuite> <!-- APITest_Plus_VisualTest -->
